# JRE version: Java(TM) SE Runtime Environment (8.0_74-b02) (build 1.8.0_74-b02)
# Java VM: Java HotSpot(TM) 64-Bit Server VM (25.74-b02 mixed mode windows-amd64 compressed oops)
Heap:
 PSYoungGen      total 105472K, used 53572K [0x00000000e0700000, 0x00000000e7700000, 0x0000000100000000)
  eden space 97792K, 47% used [0x00000000e0700000,0x00000000e3421150,0x00000000e6680000)
  from space 7680K, 95% used [0x00000000e6e80000,0x00000000e75b0020,0x00000000e7600000)
  to   space 8192K, 0% used [0x00000000e6680000,0x00000000e6680000,0x00000000e6e80000)
 ParOldGen       total 65536K, used 6571K [0x00000000a1400000, 0x00000000a5400000, 0x00000000e0700000)
  object space 65536K, 10% used [0x00000000a1400000,0x00000000a1a6ac50,0x00000000a5400000)
 Metaspace       used 15268K, capacity 15726K, committed 15744K, reserved 1062912K
  class space    used 1758K, capacity 1902K, committed 1920K, reserved 1048576K
GC Heap History (10 events):
Event: 1.801 GC heap before
{Heap before GC invocations=2 (full 0):
 PSYoungGen      total 28672K, used 28365K [0x00000000e0700000, 0x00000000e2700000, 0x0000000100000000)
  eden space 24576K, 100% used [0x00000000e0700000,0x00000000e1f00000,0x00000000e1f00000)
  from space 4096K, 92% used [0x00000000e1f00000,0x00000000e22b37f8,0x00000000e2300000)
  to   space 4096K, 0% used [0x00000000e2300000,0x00000000e2300000,0x00000000e2700000)
 ParOldGen       total 65536K, used 8K [0x00000000a1400000, 0x00000000a5400000, 0x00000000e0700000)
  object space 65536K, 0% used [0x00000000a1400000,0x00000000a1402000,0x00000000a5400000)
 Metaspace       used 9696K, capacity 9884K, committed 10112K, reserved 1058816K
  class space    used 1244K, capacity 1309K, committed 1408K, reserved 1048576K
Event: 1.821 GC heap after
Heap after GC invocations=2 (full 0):
 PSYoungGen      total 28672K, used 4094K [0x00000000e0700000, 0x00000000e3f00000, 0x0000000100000000)
  eden space 24576K, 0% used [0x00000000e0700000,0x00000000e0700000,0x00000000e1f00000)
  from space 4096K, 99% used [0x00000000e2300000,0x00000000e26ff8d0,0x00000000e2700000)
  to   space 4096K, 0% used [0x00000000e1f00000,0x00000000e1f00000,0x00000000e2300000)
 ParOldGen       total 65536K, used 709K [0x00000000a1400000, 0x00000000a5400000, 0x00000000e0700000)
  object space 65536K, 1% used [0x00000000a1400000,0x00000000a14b17a0,0x00000000a5400000)
 Metaspace       used 9696K, capacity 9884K, committed 10112K, reserved 1058816K
  class space    used 1244K, capacity 1309K, committed 1408K, reserved 1048576K
}
Event: 5.803 GC heap before
{Heap before GC invocations=3 (full 0):
 PSYoungGen      total 28672K, used 28670K [0x00000000e0700000, 0x00000000e3f00000, 0x0000000100000000)
  eden space 24576K, 100% used [0x00000000e0700000,0x00000000e1f00000,0x00000000e1f00000)
  from space 4096K, 99% used [0x00000000e2300000,0x00000000e26ff8d0,0x00000000e2700000)
  to   space 4096K, 0% used [0x00000000e1f00000,0x00000000e1f00000,0x00000000e2300000)
 ParOldGen       total 65536K, used 709K [0x00000000a1400000, 0x00000000a5400000, 0x00000000e0700000)
  object space 65536K, 1% used [0x00000000a1400000,0x00000000a14b17a0,0x00000000a5400000)
 Metaspace       used 12214K, capacity 12384K, committed 12672K, reserved 1060864K
  class space    used 1495K, capacity 1546K, committed 1664K, reserved 1048576K
Event: 5.813 GC heap after
Heap after GC invocations=3 (full 0):
 PSYoungGen      total 28672K, used 4080K [0x00000000e0700000, 0x00000000e3f00000, 0x0000000100000000)
  eden space 24576K, 0% used [0x00000000e0700000,0x00000000e0700000,0x00000000e1f00000)
  from space 4096K, 99% used [0x00000000e1f00000,0x00000000e22fc010,0x00000000e2300000)
  to   space 4096K, 0% used [0x00000000e3b00000,0x00000000e3b00000,0x00000000e3f00000)
 ParOldGen       total 65536K, used 3231K [0x00000000a1400000, 0x00000000a5400000, 0x00000000e0700000)
  object space 65536K, 4% used [0x00000000a1400000,0x00000000a1727cb0,0x00000000a5400000)
 Metaspace       used 12214K, capacity 12384K, committed 12672K, reserved 1060864K
  class space    used 1495K, capacity 1546K, committed 1664K, reserved 1048576K
}
Event: 6.313 GC heap before
{Heap before GC invocations=4 (full 0):
 PSYoungGen      total 28672K, used 28656K [0x00000000e0700000, 0x00000000e3f00000, 0x0000000100000000)
  eden space 24576K, 100% used [0x00000000e0700000,0x00000000e1f00000,0x00000000e1f00000)
  from space 4096K, 99% used [0x00000000e1f00000,0x00000000e22fc010,0x00000000e2300000)
  to   space 4096K, 0% used [0x00000000e3b00000,0x00000000e3b00000,0x00000000e3f00000)
 ParOldGen       total 65536K, used 3231K [0x00000000a1400000, 0x00000000a5400000, 0x00000000e0700000)
  object space 65536K, 4% used [0x00000000a1400000,0x00000000a1727cb0,0x00000000a5400000)
 Metaspace       used 12545K, capacity 12850K, committed 13184K, reserved 1060864K
  class space    used 1517K, capacity 1613K, committed 1664K, reserved 1048576K
Event: 6.321 GC heap after
Heap after GC invocations=4 (full 0):
 PSYoungGen      total 53248K, used 4064K [0x00000000e0700000, 0x00000000e3f00000, 0x0000000100000000)
  eden space 49152K, 0% used [0x00000000e0700000,0x00000000e0700000,0x00000000e3700000)
  from space 4096K, 99% used [0x00000000e3b00000,0x00000000e3ef8020,0x00000000e3f00000)
  to   space 4096K, 0% used [0x00000000e3700000,0x00000000e3700000,0x00000000e3b00000)
 ParOldGen       total 65536K, used 4413K [0x00000000a1400000, 0x00000000a5400000, 0x00000000e0700000)
  object space 65536K, 6% used [0x00000000a1400000,0x00000000a184f5a0,0x00000000a5400000)
 Metaspace       used 12545K, capacity 12850K, committed 13184K, reserved 1060864K
  class space    used 1517K, capacity 1613K, committed 1664K, reserved 1048576K
}
Event: 7.495 GC heap before
{Heap before GC invocations=5 (full 0):
 PSYoungGen      total 53248K, used 53216K [0x00000000e0700000, 0x00000000e3f00000, 0x0000000100000000)
  eden space 49152K, 100% used [0x00000000e0700000,0x00000000e3700000,0x00000000e3700000)
  from space 4096K, 99% used [0x00000000e3b00000,0x00000000e3ef8020,0x00000000e3f00000)
  to   space 4096K, 0% used [0x00000000e3700000,0x00000000e3700000,0x00000000e3b00000)
 ParOldGen       total 65536K, used 4413K [0x00000000a1400000, 0x00000000a5400000, 0x00000000e0700000)
  object space 65536K, 6% used [0x00000000a1400000,0x00000000a184f5a0,0x00000000a5400000)
 Metaspace       used 12991K, capacity 13194K, committed 13440K, reserved 1060864K
  class space    used 1536K, capacity 1617K, committed 1664K, reserved 1048576K
Event: 7.507 GC heap after
Heap after GC invocations=5 (full 0):
 PSYoungGen      total 53248K, used 4096K [0x00000000e0700000, 0x00000000e7600000, 0x0000000100000000)
  eden space 49152K, 0% used [0x00000000e0700000,0x00000000e0700000,0x00000000e3700000)
  from space 4096K, 100% used [0x00000000e3700000,0x00000000e3b00000,0x00000000e3b00000)
  to   space 7680K, 0% used [0x00000000e6e80000,0x00000000e6e80000,0x00000000e7600000)
 ParOldGen       total 65536K, used 6563K [0x00000000a1400000, 0x00000000a5400000, 0x00000000e0700000)
  object space 65536K, 10% used [0x00000000a1400000,0x00000000a1a68c50,0x00000000a5400000)
 Metaspace       used 12991K, capacity 13194K, committed 13440K, reserved 1060864K
  class space    used 1536K, capacity 1617K, committed 1664K, reserved 1048576K
}
Event: 8.816 GC heap before
{Heap before GC invocations=6 (full 0):
 PSYoungGen      total 53248K, used 53248K [0x00000000e0700000, 0x00000000e7600000, 0x0000000100000000)
  eden space 49152K, 100% used [0x00000000e0700000,0x00000000e3700000,0x00000000e3700000)
  from space 4096K, 100% used [0x00000000e3700000,0x00000000e3b00000,0x00000000e3b00000)
  to   space 7680K, 0% used [0x00000000e6e80000,0x00000000e6e80000,0x00000000e7600000)
 ParOldGen       total 65536K, used 6563K [0x00000000a1400000, 0x00000000a5400000, 0x00000000e0700000)
  object space 65536K, 10% used [0x00000000a1400000,0x00000000a1a68c50,0x00000000a5400000)
 Metaspace       used 13836K, capacity 14082K, committed 14336K, reserved 1062912K
  class space    used 1628K, capacity 1721K, committed 1792K, reserved 1048576K
Event: 8.832 GC heap after
Heap after GC invocations=6 (full 0):
 PSYoungGen      total 105472K, used 7360K [0x00000000e0700000, 0x00000000e7700000, 0x0000000100000000)
  eden space 97792K, 0% used [0x00000000e0700000,0x00000000e0700000,0x00000000e6680000)
  from space 7680K, 95% used [0x00000000e6e80000,0x00000000e75b0020,0x00000000e7600000)
  to   space 8192K, 0% used [0x00000000e6680000,0x00000000e6680000,0x00000000e6e80000)
 ParOldGen       total 65536K, used 6571K [0x00000000a1400000, 0x00000000a5400000, 0x00000000e0700000)
  object space 65536K, 10% used [0x00000000a1400000,0x00000000a1a6ac50,0x00000000a5400000)
 Metaspace       used 13836K, capacity 14082K, committed 14336K, reserved 1062912K
  class space    used 1628K, capacity 1721K, committed 1792K, reserved 1048576K
}

